{
  "C:\\Users\\tassc\\Desktop\\TripleT\\backend\\density-scrape.js": {
    "path": "C:\\Users\\tassc\\Desktop\\TripleT\\backend\\density-scrape.js",
    "statementMap": {
      "0": {
        "start": { "line": 2, "column": 18 },
        "end": { "line": 2, "column": 38 }
      },
      "1": {
        "start": { "line": 9, "column": 18 },
        "end": { "line": 9, "column": 42 }
      },
      "2": {
        "start": { "line": 10, "column": 15 },
        "end": { "line": 10, "column": 38 }
      },
      "3": {
        "start": { "line": 11, "column": 2 },
        "end": { "line": 13, "column": 4 }
      },
      "4": {
        "start": { "line": 15, "column": 15 },
        "end": { "line": 15, "column": 76 }
      },
      "5": {
        "start": { "line": 16, "column": 15 },
        "end": { "line": 16, "column": 50 }
      },
      "6": {
        "start": { "line": 17, "column": 15 },
        "end": { "line": 17, "column": 37 }
      },
      "7": {
        "start": { "line": 19, "column": 14 },
        "end": { "line": 19, "column": 36 }
      },
      "8": {
        "start": { "line": 21, "column": 19 },
        "end": { "line": 21, "column": 58 }
      },
      "9": {
        "start": { "line": 24, "column": 2 },
        "end": { "line": 24, "column": 18 }
      },
      "10": {
        "start": { "line": 25, "column": 2 },
        "end": { "line": 25, "column": 18 }
      },
      "11": {
        "start": { "line": 29, "column": 0 },
        "end": { "line": 29, "column": 28 }
      }
    },
    "fnMap": {
      "0": {
        "name": "scrape",
        "decl": {
          "start": { "line": 4, "column": 15 },
          "end": { "line": 4, "column": 21 }
        },
        "loc": {
          "start": { "line": 4, "column": 28 },
          "end": { "line": 26, "column": 1 }
        },
        "line": 4
      }
    },
    "branchMap": {},
    "s": {
      "0": 1,
      "1": 3,
      "2": 3,
      "3": 3,
      "4": 3,
      "5": 3,
      "6": 2,
      "7": 2,
      "8": 2,
      "9": 2,
      "10": 2,
      "11": 1
    },
    "f": { "0": 3 },
    "b": {},
    "_coverageSchema": "1a1c01bbd47fc00a2c39e90264f33305004495a9",
    "hash": "376ae46a6876855c6bf3a3e7535def5cc4bcb4ce"
  },
  "C:\\Users\\tassc\\Desktop\\TripleT\\backend\\location.js": {
    "path": "C:\\Users\\tassc\\Desktop\\TripleT\\backend\\location.js",
    "statementMap": {
      "0": {
        "start": { "line": 1, "column": 21 },
        "end": { "line": 1, "column": 45 }
      },
      "1": {
        "start": { "line": 3, "column": 14 },
        "end": { "line": 3, "column": 35 }
      },
      "2": {
        "start": { "line": 12, "column": 20 },
        "end": { "line": 12, "column": 96 }
      },
      "3": {
        "start": { "line": 14, "column": 25 },
        "end": { "line": 21, "column": 4 }
      },
      "4": {
        "start": { "line": 23, "column": 2 },
        "end": { "line": 23, "column": 33 }
      },
      "5": {
        "start": { "line": 26, "column": 0 },
        "end": { "line": 26, "column": 36 }
      }
    },
    "fnMap": {
      "0": {
        "name": "getLocations",
        "decl": {
          "start": { "line": 7, "column": 15 },
          "end": { "line": 7, "column": 27 }
        },
        "loc": {
          "start": { "line": 7, "column": 51 },
          "end": { "line": 24, "column": 1 }
        },
        "line": 7
      }
    },
    "branchMap": {},
    "s": { "0": 1, "1": 1, "2": 6, "3": 6, "4": 6, "5": 1 },
    "f": { "0": 6 },
    "b": {},
    "_coverageSchema": "1a1c01bbd47fc00a2c39e90264f33305004495a9",
    "hash": "9d4da9103663f2030230c3831068d4aef4f631cd"
  },
  "C:\\Users\\tassc\\Desktop\\TripleT\\backend\\product.js": {
    "path": "C:\\Users\\tassc\\Desktop\\TripleT\\backend\\product.js",
    "statementMap": {
      "0": {
        "start": { "line": 1, "column": 21 },
        "end": { "line": 1, "column": 45 }
      },
      "1": {
        "start": { "line": 3, "column": 14 },
        "end": { "line": 3, "column": 35 }
      },
      "2": {
        "start": { "line": 11, "column": 25 },
        "end": { "line": 11, "column": 27 }
      },
      "3": {
        "start": { "line": 13, "column": 2 },
        "end": { "line": 13, "column": 56 }
      },
      "4": {
        "start": { "line": 21, "column": 20 },
        "end": { "line": 21, "column": 103 }
      },
      "5": {
        "start": { "line": 24, "column": 25 },
        "end": { "line": 31, "column": 4 }
      },
      "6": {
        "start": { "line": 34, "column": 2 },
        "end": { "line": 34, "column": 33 }
      },
      "7": {
        "start": { "line": 37, "column": 0 },
        "end": { "line": 37, "column": 34 }
      }
    },
    "fnMap": {
      "0": {
        "name": "getProducts",
        "decl": {
          "start": { "line": 6, "column": 15 },
          "end": { "line": 6, "column": 26 }
        },
        "loc": {
          "start": { "line": 6, "column": 58 },
          "end": { "line": 35, "column": 1 }
        },
        "line": 6
      }
    },
    "branchMap": {},
    "s": { "0": 1, "1": 1, "2": 5, "3": 5, "4": 5, "5": 5, "6": 5, "7": 1 },
    "f": { "0": 5 },
    "b": {},
    "_coverageSchema": "1a1c01bbd47fc00a2c39e90264f33305004495a9",
    "hash": "7ffbe6fac0c78c62389fcd6ce3a87f84ffeea1c0"
  },
  "C:\\Users\\tassc\\Desktop\\TripleT\\backend\\token-service.js": {
    "path": "C:\\Users\\tassc\\Desktop\\TripleT\\backend\\token-service.js",
    "statementMap": {
      "0": {
        "start": { "line": 1, "column": 14 },
        "end": { "line": 1, "column": 35 }
      },
      "1": {
        "start": { "line": 5, "column": 2 },
        "end": { "line": 5, "column": 67 }
      },
      "2": {
        "start": { "line": 6, "column": 21 },
        "end": { "line": 6, "column": 63 }
      },
      "3": {
        "start": { "line": 7, "column": 24 },
        "end": { "line": 7, "column": 66 }
      },
      "4": {
        "start": { "line": 19, "column": 18 },
        "end": { "line": 19, "column": 47 }
      },
      "5": {
        "start": { "line": 21, "column": 24 },
        "end": { "line": 21, "column": 74 }
      },
      "6": {
        "start": { "line": 26, "column": 19 },
        "end": { "line": 26, "column": 45 }
      },
      "7": {
        "start": { "line": 29, "column": 22 },
        "end": { "line": 36, "column": 4 }
      },
      "8": {
        "start": { "line": 44, "column": 2 },
        "end": { "line": 44, "column": 36 }
      },
      "9": {
        "start": { "line": 48, "column": 0 },
        "end": { "line": 48, "column": 18 }
      }
    },
    "fnMap": {
      "0": {
        "name": "get",
        "decl": {
          "start": { "line": 17, "column": 15 },
          "end": { "line": 17, "column": 18 }
        },
        "loc": {
          "start": { "line": 17, "column": 25 },
          "end": { "line": 45, "column": 1 }
        },
        "line": 17
      }
    },
    "branchMap": {},
    "s": {
      "0": 1,
      "1": 1,
      "2": 1,
      "3": 1,
      "4": 6,
      "5": 6,
      "6": 6,
      "7": 6,
      "8": 6,
      "9": 1
    },
    "f": { "0": 6 },
    "b": {},
    "_coverageSchema": "1a1c01bbd47fc00a2c39e90264f33305004495a9",
    "hash": "be52c92ae30c516ab935c783f06091ae5b117880"
  },
  "C:\\Users\\tassc\\Desktop\\TripleT\\backend\\models\\recipe-services.js": {
    "path": "C:\\Users\\tassc\\Desktop\\TripleT\\backend\\models\\recipe-services.js",
    "statementMap": {
      "0": {
        "start": { "line": 1, "column": 15 },
        "end": { "line": 1, "column": 37 }
      },
      "1": {
        "start": { "line": 2, "column": 15 },
        "end": { "line": 2, "column": 45 }
      },
      "2": {
        "start": { "line": 3, "column": 24 },
        "end": { "line": 3, "column": 48 }
      },
      "3": {
        "start": { "line": 4, "column": 25 },
        "end": { "line": 4, "column": 50 }
      },
      "4": {
        "start": { "line": 5, "column": 15 },
        "end": { "line": 5, "column": 46 }
      },
      "5": {
        "start": { "line": 6, "column": 17 },
        "end": { "line": 6, "column": 36 }
      },
      "6": {
        "start": { "line": 7, "column": 15 },
        "end": { "line": 7, "column": 32 }
      },
      "7": {
        "start": { "line": 8, "column": 0 },
        "end": { "line": 8, "column": 16 }
      },
      "8": {
        "start": { "line": 10, "column": 21 },
        "end": { "line": 10, "column": 43 }
      },
      "9": {
        "start": { "line": 22, "column": 2 },
        "end": { "line": 22, "column": 25 }
      },
      "10": {
        "start": { "line": 23, "column": 2 },
        "end": { "line": 23, "column": 22 }
      },
      "11": {
        "start": { "line": 26, "column": 0 },
        "end": { "line": 26, "column": 28 }
      },
      "12": {
        "start": { "line": 31, "column": 2 },
        "end": { "line": 39, "column": 3 }
      },
      "13": {
        "start": { "line": 32, "column": 4 },
        "end": { "line": 38, "column": 6 }
      },
      "14": {
        "start": { "line": 40, "column": 2 },
        "end": { "line": 40, "column": 22 }
      },
      "15": {
        "start": { "line": 44, "column": 22 },
        "end": { "line": 44, "column": 63 }
      },
      "16": {
        "start": { "line": 46, "column": 2 },
        "end": { "line": 54, "column": 3 }
      },
      "17": {
        "start": { "line": 47, "column": 4 },
        "end": { "line": 47, "column": 38 }
      },
      "18": {
        "start": { "line": 48, "column": 9 },
        "end": { "line": 54, "column": 3 }
      },
      "19": {
        "start": { "line": 49, "column": 4 },
        "end": { "line": 49, "column": 44 }
      },
      "20": {
        "start": { "line": 50, "column": 9 },
        "end": { "line": 54, "column": 3 }
      },
      "21": {
        "start": { "line": 51, "column": 4 },
        "end": { "line": 51, "column": 54 }
      },
      "22": {
        "start": { "line": 53, "column": 4 },
        "end": { "line": 53, "column": 69 }
      },
      "23": {
        "start": { "line": 55, "column": 2 },
        "end": { "line": 55, "column": 16 }
      },
      "24": {
        "start": { "line": 59, "column": 22 },
        "end": { "line": 59, "column": 63 }
      },
      "25": {
        "start": { "line": 60, "column": 2 },
        "end": { "line": 65, "column": 3 }
      },
      "26": {
        "start": { "line": 61, "column": 4 },
        "end": { "line": 61, "column": 42 }
      },
      "27": {
        "start": { "line": 63, "column": 4 },
        "end": { "line": 63, "column": 23 }
      },
      "28": {
        "start": { "line": 64, "column": 4 },
        "end": { "line": 64, "column": 21 }
      },
      "29": {
        "start": { "line": 71, "column": 13 },
        "end": { "line": 82, "column": 3 }
      },
      "30": {
        "start": { "line": 84, "column": 13 },
        "end": { "line": 95, "column": 3 }
      },
      "31": {
        "start": { "line": 97, "column": 2 },
        "end": { "line": 97, "column": 40 }
      },
      "32": {
        "start": { "line": 104, "column": 2 },
        "end": { "line": 157, "column": 3 }
      },
      "33": {
        "start": { "line": 106, "column": 20 },
        "end": { "line": 106, "column": 73 }
      },
      "34": {
        "start": { "line": 107, "column": 14 },
        "end": { "line": 107, "column": 41 }
      },
      "35": {
        "start": { "line": 108, "column": 22 },
        "end": { "line": 108, "column": 38 }
      },
      "36": {
        "start": { "line": 110, "column": 22 },
        "end": { "line": 110, "column": 79 }
      },
      "37": {
        "start": { "line": 111, "column": 21 },
        "end": { "line": 111, "column": 51 }
      },
      "38": {
        "start": { "line": 114, "column": 21 },
        "end": { "line": 118, "column": 5 }
      },
      "39": {
        "start": { "line": 120, "column": 16 },
        "end": { "line": 120, "column": 57 }
      },
      "40": {
        "start": { "line": 121, "column": 15 },
        "end": { "line": 121, "column": 47 }
      },
      "41": {
        "start": { "line": 123, "column": 17 },
        "end": { "line": 123, "column": 35 }
      },
      "42": {
        "start": { "line": 124, "column": 18 },
        "end": { "line": 124, "column": 36 }
      },
      "43": {
        "start": { "line": 125, "column": 4 },
        "end": { "line": 127, "column": 5 }
      },
      "44": {
        "start": { "line": 126, "column": 6 },
        "end": { "line": 126, "column": 22 }
      },
      "45": {
        "start": { "line": 130, "column": 21 },
        "end": { "line": 130, "column": 49 }
      },
      "46": {
        "start": { "line": 133, "column": 4 },
        "end": { "line": 153, "column": 5 }
      },
      "47": {
        "start": { "line": 134, "column": 17 },
        "end": { "line": 134, "column": 55 }
      },
      "48": {
        "start": { "line": 135, "column": 6 },
        "end": { "line": 135, "column": 18 }
      },
      "49": {
        "start": { "line": 144, "column": 20 },
        "end": { "line": 144, "column": 45 }
      },
      "50": {
        "start": { "line": 145, "column": 22 },
        "end": { "line": 145, "column": 34 }
      },
      "51": {
        "start": { "line": 147, "column": 6 },
        "end": { "line": 152, "column": 7 }
      },
      "52": {
        "start": { "line": 148, "column": 8 },
        "end": { "line": 148, "column": 64 }
      },
      "53": {
        "start": { "line": 151, "column": 8 },
        "end": { "line": 151, "column": 66 }
      },
      "54": {
        "start": { "line": 155, "column": 4 },
        "end": { "line": 155, "column": 21 }
      },
      "55": {
        "start": { "line": 156, "column": 4 },
        "end": { "line": 156, "column": 26 }
      },
      "56": {
        "start": { "line": 161, "column": 16 },
        "end": { "line": 161, "column": 57 }
      },
      "57": {
        "start": { "line": 162, "column": 19 },
        "end": { "line": 162, "column": 37 }
      },
      "58": {
        "start": { "line": 163, "column": 19 },
        "end": { "line": 163, "column": 20 }
      },
      "59": {
        "start": { "line": 164, "column": 2 },
        "end": { "line": 185, "column": 3 }
      },
      "60": {
        "start": { "line": 165, "column": 22 },
        "end": { "line": 165, "column": 39 }
      },
      "61": {
        "start": { "line": 167, "column": 4 },
        "end": { "line": 176, "column": 5 }
      },
      "62": {
        "start": { "line": 169, "column": 17 },
        "end": { "line": 169, "column": 45 }
      },
      "63": {
        "start": { "line": 170, "column": 17 },
        "end": { "line": 170, "column": 45 }
      },
      "64": {
        "start": { "line": 171, "column": 19 },
        "end": { "line": 171, "column": 47 }
      },
      "65": {
        "start": { "line": 172, "column": 17 },
        "end": { "line": 172, "column": 42 }
      },
      "66": {
        "start": { "line": 174, "column": 20 },
        "end": { "line": 174, "column": 55 }
      },
      "67": {
        "start": { "line": 175, "column": 6 },
        "end": { "line": 175, "column": 28 }
      },
      "68": {
        "start": { "line": 178, "column": 6 },
        "end": { "line": 178, "column": 51 }
      },
      "69": {
        "start": { "line": 180, "column": 24 },
        "end": { "line": 180, "column": 48 }
      },
      "70": {
        "start": { "line": 181, "column": 4 },
        "end": { "line": 181, "column": 23 }
      },
      "71": {
        "start": { "line": 183, "column": 4 },
        "end": { "line": 183, "column": 23 }
      },
      "72": {
        "start": { "line": 184, "column": 4 },
        "end": { "line": 184, "column": 26 }
      },
      "73": {
        "start": { "line": 189, "column": 22 },
        "end": { "line": 189, "column": 76 }
      },
      "74": {
        "start": { "line": 190, "column": 2 },
        "end": { "line": 190, "column": 49 }
      },
      "75": {
        "start": { "line": 194, "column": 22 },
        "end": { "line": 194, "column": 76 }
      },
      "76": {
        "start": { "line": 195, "column": 2 },
        "end": { "line": 195, "column": 50 }
      },
      "77": {
        "start": { "line": 199, "column": 22 },
        "end": { "line": 199, "column": 76 }
      },
      "78": {
        "start": { "line": 200, "column": 2 },
        "end": { "line": 200, "column": 60 }
      },
      "79": {
        "start": { "line": 204, "column": 22 },
        "end": { "line": 204, "column": 76 }
      },
      "80": {
        "start": { "line": 205, "column": 2 },
        "end": { "line": 205, "column": 74 }
      },
      "81": {
        "start": { "line": 210, "column": 0 },
        "end": { "line": 223, "column": 2 }
      }
    },
    "fnMap": {
      "0": {
        "name": "setConnection",
        "decl": {
          "start": { "line": 21, "column": 9 },
          "end": { "line": 21, "column": 22 }
        },
        "loc": {
          "start": { "line": 21, "column": 32 },
          "end": { "line": 24, "column": 1 }
        },
        "line": 21
      },
      "1": {
        "name": "getDbConnection",
        "decl": {
          "start": { "line": 30, "column": 9 },
          "end": { "line": 30, "column": 24 }
        },
        "loc": {
          "start": { "line": 30, "column": 27 },
          "end": { "line": 41, "column": 1 }
        },
        "line": 30
      },
      "2": {
        "name": "getRecipe",
        "decl": {
          "start": { "line": 43, "column": 15 },
          "end": { "line": 43, "column": 24 }
        },
        "loc": {
          "start": { "line": 43, "column": 44 },
          "end": { "line": 56, "column": 1 }
        },
        "line": 43
      },
      "3": {
        "name": "findRecipeById",
        "decl": {
          "start": { "line": 58, "column": 15 },
          "end": { "line": 58, "column": 29 }
        },
        "loc": {
          "start": { "line": 58, "column": 34 },
          "end": { "line": 66, "column": 1 }
        },
        "line": 58
      },
      "4": {
        "name": "standardize",
        "decl": {
          "start": { "line": 70, "column": 9 },
          "end": { "line": 70, "column": 20 }
        },
        "loc": {
          "start": { "line": 70, "column": 32 },
          "end": { "line": 98, "column": 1 }
        },
        "line": 70
      },
      "5": {
        "name": "getPrice",
        "decl": {
          "start": { "line": 102, "column": 15 },
          "end": { "line": 102, "column": 23 }
        },
        "loc": {
          "start": { "line": 102, "column": 50 },
          "end": { "line": 158, "column": 1 }
        },
        "line": 102
      },
      "6": {
        "name": "addRecipe",
        "decl": {
          "start": { "line": 160, "column": 15 },
          "end": { "line": 160, "column": 24 }
        },
        "loc": {
          "start": { "line": 160, "column": 33 },
          "end": { "line": 186, "column": 1 }
        },
        "line": 160
      },
      "7": {
        "name": "deleteRecipeById",
        "decl": {
          "start": { "line": 188, "column": 15 },
          "end": { "line": 188, "column": 31 }
        },
        "loc": {
          "start": { "line": 188, "column": 36 },
          "end": { "line": 191, "column": 1 }
        },
        "line": 188
      },
      "8": {
        "name": "findRecipeByTitle",
        "decl": {
          "start": { "line": 193, "column": 15 },
          "end": { "line": 193, "column": 32 }
        },
        "loc": {
          "start": { "line": 193, "column": 40 },
          "end": { "line": 196, "column": 1 }
        },
        "line": 193
      },
      "9": {
        "name": "findRecipeByIngredient",
        "decl": {
          "start": { "line": 198, "column": 15 },
          "end": { "line": 198, "column": 37 }
        },
        "loc": {
          "start": { "line": 198, "column": 50 },
          "end": { "line": 201, "column": 1 }
        },
        "line": 198
      },
      "10": {
        "name": "findRecipeByTitleAndIngredient",
        "decl": {
          "start": { "line": 203, "column": 15 },
          "end": { "line": 203, "column": 45 }
        },
        "loc": {
          "start": { "line": 203, "column": 65 },
          "end": { "line": 206, "column": 1 }
        },
        "line": 203
      }
    },
    "branchMap": {
      "0": {
        "loc": {
          "start": { "line": 31, "column": 2 },
          "end": { "line": 39, "column": 3 }
        },
        "type": "if",
        "locations": [
          {
            "start": { "line": 31, "column": 2 },
            "end": { "line": 39, "column": 3 }
          },
          { "start": {}, "end": {} }
        ],
        "line": 31
      },
      "1": {
        "loc": {
          "start": { "line": 46, "column": 2 },
          "end": { "line": 54, "column": 3 }
        },
        "type": "if",
        "locations": [
          {
            "start": { "line": 46, "column": 2 },
            "end": { "line": 54, "column": 3 }
          },
          {
            "start": { "line": 48, "column": 9 },
            "end": { "line": 54, "column": 3 }
          }
        ],
        "line": 46
      },
      "2": {
        "loc": {
          "start": { "line": 46, "column": 6 },
          "end": { "line": 46, "column": 53 }
        },
        "type": "binary-expr",
        "locations": [
          {
            "start": { "line": 46, "column": 6 },
            "end": { "line": 46, "column": 25 }
          },
          {
            "start": { "line": 46, "column": 29 },
            "end": { "line": 46, "column": 53 }
          }
        ],
        "line": 46
      },
      "3": {
        "loc": {
          "start": { "line": 48, "column": 9 },
          "end": { "line": 54, "column": 3 }
        },
        "type": "if",
        "locations": [
          {
            "start": { "line": 48, "column": 9 },
            "end": { "line": 54, "column": 3 }
          },
          {
            "start": { "line": 50, "column": 9 },
            "end": { "line": 54, "column": 3 }
          }
        ],
        "line": 48
      },
      "4": {
        "loc": {
          "start": { "line": 48, "column": 13 },
          "end": { "line": 48, "column": 33 }
        },
        "type": "binary-expr",
        "locations": [
          {
            "start": { "line": 48, "column": 13 },
            "end": { "line": 48, "column": 18 }
          },
          {
            "start": { "line": 48, "column": 22 },
            "end": { "line": 48, "column": 33 }
          }
        ],
        "line": 48
      },
      "5": {
        "loc": {
          "start": { "line": 50, "column": 9 },
          "end": { "line": 54, "column": 3 }
        },
        "type": "if",
        "locations": [
          {
            "start": { "line": 50, "column": 9 },
            "end": { "line": 54, "column": 3 }
          },
          {
            "start": { "line": 52, "column": 9 },
            "end": { "line": 54, "column": 3 }
          }
        ],
        "line": 50
      },
      "6": {
        "loc": {
          "start": { "line": 50, "column": 13 },
          "end": { "line": 50, "column": 33 }
        },
        "type": "binary-expr",
        "locations": [
          {
            "start": { "line": 50, "column": 13 },
            "end": { "line": 50, "column": 23 }
          },
          {
            "start": { "line": 50, "column": 27 },
            "end": { "line": 50, "column": 33 }
          }
        ],
        "line": 50
      },
      "7": {
        "loc": {
          "start": { "line": 125, "column": 4 },
          "end": { "line": 127, "column": 5 }
        },
        "type": "if",
        "locations": [
          {
            "start": { "line": 125, "column": 4 },
            "end": { "line": 127, "column": 5 }
          },
          { "start": {}, "end": {} }
        ],
        "line": 125
      },
      "8": {
        "loc": {
          "start": { "line": 133, "column": 4 },
          "end": { "line": 153, "column": 5 }
        },
        "type": "if",
        "locations": [
          {
            "start": { "line": 133, "column": 4 },
            "end": { "line": 153, "column": 5 }
          },
          {
            "start": { "line": 136, "column": 11 },
            "end": { "line": 153, "column": 5 }
          }
        ],
        "line": 133
      },
      "9": {
        "loc": {
          "start": { "line": 147, "column": 6 },
          "end": { "line": 152, "column": 7 }
        },
        "type": "if",
        "locations": [
          {
            "start": { "line": 147, "column": 6 },
            "end": { "line": 152, "column": 7 }
          },
          {
            "start": { "line": 149, "column": 13 },
            "end": { "line": 152, "column": 7 }
          }
        ],
        "line": 147
      }
    },
    "s": {
      "0": 1,
      "1": 1,
      "2": 1,
      "3": 1,
      "4": 1,
      "5": 1,
      "6": 1,
      "7": 1,
      "8": 1,
      "9": 3,
      "10": 3,
      "11": 1,
      "12": 30,
      "13": 1,
      "14": 30,
      "15": 5,
      "16": 5,
      "17": 1,
      "18": 4,
      "19": 2,
      "20": 2,
      "21": 1,
      "22": 1,
      "23": 5,
      "24": 2,
      "25": 2,
      "26": 2,
      "27": 1,
      "28": 1,
      "29": 8,
      "30": 8,
      "31": 8,
      "32": 6,
      "33": 6,
      "34": 6,
      "35": 6,
      "36": 6,
      "37": 6,
      "38": 5,
      "39": 5,
      "40": 5,
      "41": 5,
      "42": 5,
      "43": 5,
      "44": 1,
      "45": 5,
      "46": 5,
      "47": 2,
      "48": 2,
      "49": 3,
      "50": 2,
      "51": 2,
      "52": 1,
      "53": 1,
      "54": 2,
      "55": 2,
      "56": 2,
      "57": 2,
      "58": 2,
      "59": 2,
      "60": 2,
      "61": 2,
      "62": 2,
      "63": 2,
      "64": 2,
      "65": 2,
      "66": 2,
      "67": 2,
      "68": 2,
      "69": 2,
      "70": 1,
      "71": 1,
      "72": 1,
      "73": 1,
      "74": 1,
      "75": 17,
      "76": 17,
      "77": 1,
      "78": 1,
      "79": 1,
      "80": 1,
      "81": 1
    },
    "f": {
      "0": 3,
      "1": 30,
      "2": 5,
      "3": 2,
      "4": 8,
      "5": 6,
      "6": 2,
      "7": 1,
      "8": 17,
      "9": 1,
      "10": 1
    },
    "b": {
      "0": [1, 29],
      "1": [1, 4],
      "2": [5, 2],
      "3": [2, 2],
      "4": [4, 3],
      "5": [1, 1],
      "6": [2, 2],
      "7": [1, 4],
      "8": [2, 3],
      "9": [1, 1]
    },
    "_coverageSchema": "1a1c01bbd47fc00a2c39e90264f33305004495a9",
    "hash": "c0882c10085984b915d5be8d2500fc493072ad05"
  },
  "C:\\Users\\tassc\\Desktop\\TripleT\\backend\\models\\recipe.js": {
    "path": "C:\\Users\\tassc\\Desktop\\TripleT\\backend\\models\\recipe.js",
    "statementMap": {
      "0": {
        "start": { "line": 1, "column": 17 },
        "end": { "line": 1, "column": 36 }
      },
      "1": {
        "start": { "line": 3, "column": 21 },
        "end": { "line": 88, "column": 1 }
      },
      "2": {
        "start": { "line": 93, "column": 0 },
        "end": { "line": 93, "column": 30 }
      }
    },
    "fnMap": {},
    "branchMap": {},
    "s": { "0": 1, "1": 1, "2": 1 },
    "f": {},
    "b": {},
    "_coverageSchema": "1a1c01bbd47fc00a2c39e90264f33305004495a9",
    "hash": "68c9f1ac8cd70234fb6e04ecfefcf1ad962059d1"
  }
}
