TN:
SF:density-scrape.js
FN:4,scrape
FNF:1
FNH:1
FNDA:3,scrape
DA:2,1
DA:9,3
DA:10,3
DA:11,3
DA:15,3
DA:16,3
DA:17,2
DA:19,2
DA:21,2
DA:24,2
DA:25,2
DA:29,1
LF:12
LH:12
BRF:0
BRH:0
end_of_record
TN:
SF:location.js
FN:7,getLocations
FNF:1
FNH:1
FNDA:6,getLocations
DA:1,1
DA:3,1
DA:12,6
DA:14,6
DA:23,6
DA:26,1
LF:6
LH:6
BRF:0
BRH:0
end_of_record
TN:
SF:product.js
FN:6,getProducts
FNF:1
FNH:1
FNDA:5,getProducts
DA:1,1
DA:3,1
DA:11,5
DA:13,5
DA:21,5
DA:24,5
DA:34,5
DA:37,1
LF:8
LH:8
BRF:0
BRH:0
end_of_record
TN:
SF:token-service.js
FN:17,get
FNF:1
FNH:1
FNDA:6,get
DA:1,1
DA:5,1
DA:6,1
DA:7,1
DA:19,6
DA:21,6
DA:26,6
DA:29,6
DA:44,6
DA:48,1
LF:10
LH:10
BRF:0
BRH:0
end_of_record
TN:
SF:models\recipe-services.js
FN:21,setConnection
FN:30,getDbConnection
FN:43,getRecipe
FN:58,findRecipeById
FN:70,standardize
FN:102,getPrice
FN:160,addRecipe
FN:188,deleteRecipeById
FN:193,findRecipeByTitle
FN:198,findRecipeByIngredient
FN:203,findRecipeByTitleAndIngredient
FNF:11
FNH:11
FNDA:3,setConnection
FNDA:30,getDbConnection
FNDA:5,getRecipe
FNDA:2,findRecipeById
FNDA:8,standardize
FNDA:6,getPrice
FNDA:2,addRecipe
FNDA:1,deleteRecipeById
FNDA:17,findRecipeByTitle
FNDA:1,findRecipeByIngredient
FNDA:1,findRecipeByTitleAndIngredient
DA:1,1
DA:2,1
DA:3,1
DA:4,1
DA:5,1
DA:6,1
DA:7,1
DA:8,1
DA:10,1
DA:22,3
DA:23,3
DA:26,1
DA:31,30
DA:32,1
DA:40,30
DA:44,5
DA:46,5
DA:47,1
DA:48,4
DA:49,2
DA:50,2
DA:51,1
DA:53,1
DA:55,5
DA:59,2
DA:60,2
DA:61,2
DA:63,1
DA:64,1
DA:71,8
DA:84,8
DA:97,8
DA:104,6
DA:106,6
DA:107,6
DA:108,6
DA:110,6
DA:111,6
DA:114,5
DA:120,5
DA:121,5
DA:123,5
DA:124,5
DA:125,5
DA:126,1
DA:130,5
DA:133,5
DA:134,2
DA:135,2
DA:144,3
DA:145,2
DA:147,2
DA:148,1
DA:151,1
DA:155,2
DA:156,2
DA:161,2
DA:162,2
DA:163,2
DA:164,2
DA:165,2
DA:167,2
DA:169,2
DA:170,2
DA:171,2
DA:172,2
DA:174,2
DA:175,2
DA:178,2
DA:180,2
DA:181,1
DA:183,1
DA:184,1
DA:189,1
DA:190,1
DA:194,17
DA:195,17
DA:199,1
DA:200,1
DA:204,1
DA:205,1
DA:210,1
LF:82
LH:82
BRDA:31,0,0,1
BRDA:31,0,1,29
BRDA:46,1,0,1
BRDA:46,1,1,4
BRDA:46,2,0,5
BRDA:46,2,1,2
BRDA:48,3,0,2
BRDA:48,3,1,2
BRDA:48,4,0,4
BRDA:48,4,1,3
BRDA:50,5,0,1
BRDA:50,5,1,1
BRDA:50,6,0,2
BRDA:50,6,1,2
BRDA:125,7,0,1
BRDA:125,7,1,4
BRDA:133,8,0,2
BRDA:133,8,1,3
BRDA:147,9,0,1
BRDA:147,9,1,1
BRF:20
BRH:20
end_of_record
TN:
SF:models\recipe.js
FNF:0
FNH:0
DA:1,1
DA:3,1
DA:93,1
LF:3
LH:3
BRF:0
BRH:0
end_of_record
